<?xml version="1.0" encoding="UTF-8"?>
<coverage generated="1628913860722" clover="3.2.0">
  <project timestamp="1628913860723" name="All files">
    <metrics statements="9" coveredstatements="4" conditionals="0" coveredconditionals="0" methods="7" coveredmethods="0" elements="16" coveredelements="4" complexity="0" loc="9" ncloc="9" packages="1" files="1" classes="1"/>
    <file name="dogs.js" path="/home/thanhnguyen/bizfly/vue-jest/src/store/modules/dogs.js">
      <metrics statements="9" coveredstatements="4" conditionals="0" coveredconditionals="0" methods="7" coveredmethods="0"/>
      <line num="1" count="1" type="stmt"/>
      <line num="9" count="1" type="stmt"/>
      <line num="11" count="0" type="stmt"/>
      <line num="13" count="0" type="stmt"/>
      <line num="14" count="0" type="stmt"/>
      <line num="18" count="1" type="stmt"/>
      <line num="20" count="0" type="stmt"/>
      <line num="24" count="1" type="stmt"/>
      <line num="26" count="0" type="stmt"/>
    </file>
  </project>
</coverage>
