{"/home/thanhnguyen/bizfly/vue-jest/src/components/Dogs.vue": {"path":"/home/thanhnguyen/bizfly/vue-jest/src/components/Dogs.vue","statementMap":{"0":{"start":{"line":32,"column":0},"end":{"line":32,"column":null}},"1":{"start":{"line":37,"column":0},"end":{"line":37,"column":null}},"2":{"start":{"line":53,"column":0},"end":{"line":56,"column":null}},"3":{"start":{"line":54,"column":0},"end":{"line":54,"column":null}},"4":{"start":{"line":55,"column":0},"end":{"line":55,"column":null}},"5":{"start":{"line":57,"column":0},"end":{"line":57,"column":null}}},"fnMap":{"0":{"name":"(anonymous_1)","decl":{"start":{"line":36,"column":0},"end":{"line":36,"column":null}},"loc":{"start":{"line":36,"column":0},"end":{"line":41,"column":null}}},"1":{"name":"(anonymous_2)","decl":{"start":{"line":52,"column":0},"end":{"line":52,"column":null}},"loc":{"start":{"line":52,"column":0},"end":{"line":58,"column":null}}}},"branchMap":{"0":{"loc":{"start":{"line":53,"column":0},"end":{"line":56,"column":null}},"type":"if","locations":[{"start":{"line":53,"column":0},"end":{"line":56,"column":null}},{"start":{"line":53,"column":0},"end":{"line":56,"column":null}}]}},"s":{"0":1,"1":4,"2":2,"3":1,"4":1,"5":2},"f":{"0":4,"1":2},"b":{"0":[1,1]}}
,"/home/thanhnguyen/bizfly/vue-jest/src/store/modules/dogs.js": {"path":"/home/thanhnguyen/bizfly/vue-jest/src/store/modules/dogs.js","statementMap":{"0":{"start":{"line":1,"column":14},"end":{"line":3,"column":1}},"1":{"start":{"line":5,"column":16},"end":{"line":12,"column":1}},"2":{"start":{"line":7,"column":4},"end":{"line":7,"column":59}},"3":{"start":{"line":7,"column":36},"end":{"line":7,"column":58}},"4":{"start":{"line":9,"column":36},"end":{"line":11,"column":3}},"5":{"start":{"line":10,"column":4},"end":{"line":10,"column":57}},"6":{"start":{"line":10,"column":41},"end":{"line":10,"column":56}},"7":{"start":{"line":14,"column":18},"end":{"line":18,"column":1}},"8":{"start":{"line":16,"column":4},"end":{"line":16,"column":27}},"9":{"start":{"line":20,"column":16},"end":{"line":24,"column":1}},"10":{"start":{"line":22,"column":4},"end":{"line":22,"column":29}}},"fnMap":{"0":{"name":"(anonymous_0)","decl":{"start":{"line":6,"column":11},"end":{"line":6,"column":12}},"loc":{"start":{"line":6,"column":22},"end":{"line":8,"column":3}},"line":6},"1":{"name":"(anonymous_1)","decl":{"start":{"line":7,"column":29},"end":{"line":7,"column":30}},"loc":{"start":{"line":7,"column":36},"end":{"line":7,"column":58}},"line":7},"2":{"name":"(anonymous_2)","decl":{"start":{"line":9,"column":16},"end":{"line":9,"column":17}},"loc":{"start":{"line":9,"column":36},"end":{"line":11,"column":3}},"line":9},"3":{"name":"(anonymous_3)","decl":{"start":{"line":9,"column":36},"end":{"line":9,"column":37}},"loc":{"start":{"line":9,"column":45},"end":{"line":11,"column":3}},"line":9},"4":{"name":"(anonymous_4)","decl":{"start":{"line":10,"column":34},"end":{"line":10,"column":35}},"loc":{"start":{"line":10,"column":41},"end":{"line":10,"column":56}},"line":10},"5":{"name":"(anonymous_5)","decl":{"start":{"line":15,"column":2},"end":{"line":15,"column":3}},"loc":{"start":{"line":15,"column":25},"end":{"line":17,"column":3}},"line":15},"6":{"name":"(anonymous_6)","decl":{"start":{"line":21,"column":2},"end":{"line":21,"column":3}},"loc":{"start":{"line":21,"column":29},"end":{"line":23,"column":3}},"line":21}},"branchMap":{},"s":{"0":1,"1":1,"2":2,"3":4,"4":0,"5":0,"6":0,"7":1,"8":2,"9":1,"10":1},"f":{"0":2,"1":4,"2":0,"3":0,"4":0,"5":2,"6":1},"b":{},"_coverageSchema":"43e27e138ebf9cfc5966b082cf9a028302ed4184","hash":"027cfa51227d2804384f362156c5573d8be5a09b"}
}
