{"/home/thanhnguyen/bizfly/vue-jest/src/store/modules/dogs.js": {"path":"/home/thanhnguyen/bizfly/vue-jest/src/store/modules/dogs.js","statementMap":{"0":{"start":{"line":1,"column":14},"end":{"line":7,"column":1}},"1":{"start":{"line":9,"column":16},"end":{"line":16,"column":1}},"2":{"start":{"line":11,"column":4},"end":{"line":11,"column":59}},"3":{"start":{"line":11,"column":36},"end":{"line":11,"column":58}},"4":{"start":{"line":13,"column":36},"end":{"line":15,"column":3}},"5":{"start":{"line":14,"column":4},"end":{"line":14,"column":57}},"6":{"start":{"line":14,"column":41},"end":{"line":14,"column":56}},"7":{"start":{"line":18,"column":18},"end":{"line":22,"column":1}},"8":{"start":{"line":20,"column":4},"end":{"line":20,"column":27}},"9":{"start":{"line":24,"column":16},"end":{"line":28,"column":1}},"10":{"start":{"line":26,"column":4},"end":{"line":26,"column":29}}},"fnMap":{"0":{"name":"(anonymous_0)","decl":{"start":{"line":10,"column":11},"end":{"line":10,"column":12}},"loc":{"start":{"line":10,"column":22},"end":{"line":12,"column":3}},"line":10},"1":{"name":"(anonymous_1)","decl":{"start":{"line":11,"column":29},"end":{"line":11,"column":30}},"loc":{"start":{"line":11,"column":36},"end":{"line":11,"column":58}},"line":11},"2":{"name":"(anonymous_2)","decl":{"start":{"line":13,"column":16},"end":{"line":13,"column":17}},"loc":{"start":{"line":13,"column":36},"end":{"line":15,"column":3}},"line":13},"3":{"name":"(anonymous_3)","decl":{"start":{"line":13,"column":36},"end":{"line":13,"column":37}},"loc":{"start":{"line":13,"column":45},"end":{"line":15,"column":3}},"line":13},"4":{"name":"(anonymous_4)","decl":{"start":{"line":14,"column":34},"end":{"line":14,"column":35}},"loc":{"start":{"line":14,"column":41},"end":{"line":14,"column":56}},"line":14},"5":{"name":"(anonymous_5)","decl":{"start":{"line":19,"column":2},"end":{"line":19,"column":3}},"loc":{"start":{"line":19,"column":25},"end":{"line":21,"column":3}},"line":19},"6":{"name":"(anonymous_6)","decl":{"start":{"line":25,"column":2},"end":{"line":25,"column":3}},"loc":{"start":{"line":25,"column":29},"end":{"line":27,"column":3}},"line":25}},"branchMap":{},"s":{"0":1,"1":1,"2":0,"3":0,"4":0,"5":0,"6":0,"7":1,"8":0,"9":1,"10":0},"f":{"0":0,"1":0,"2":0,"3":0,"4":0,"5":0,"6":0},"b":{},"_coverageSchema":"43e27e138ebf9cfc5966b082cf9a028302ed4184","hash":"1140aec3b68d0f14f08359fd9d0a8dee7ca6a035"}
}
