TN:
SF:/home/thanhnguyen/bizfly/vue-jest/src/components/Dogs.vue
FN:36,(anonymous_1)
FN:52,(anonymous_2)
FNF:2
FNH:2
FNDA:4,(anonymous_1)
FNDA:2,(anonymous_2)
DA:32,1
DA:37,4
DA:53,2
DA:54,1
DA:55,1
DA:57,2
LF:6
LH:6
BRDA:53,0,0,1
BRDA:53,0,1,1
BRF:2
BRH:2
end_of_record
TN:
SF:/home/thanhnguyen/bizfly/vue-jest/src/store/modules/dogs.js
FN:6,(anonymous_0)
FN:7,(anonymous_1)
FN:9,(anonymous_2)
FN:9,(anonymous_3)
FN:10,(anonymous_4)
FN:15,(anonymous_5)
FN:21,(anonymous_6)
FNF:7
FNH:4
FNDA:2,(anonymous_0)
FNDA:4,(anonymous_1)
FNDA:0,(anonymous_2)
FNDA:0,(anonymous_3)
FNDA:0,(anonymous_4)
FNDA:2,(anonymous_5)
FNDA:1,(anonymous_6)
DA:1,1
DA:5,1
DA:7,4
DA:9,0
DA:10,0
DA:14,1
DA:16,2
DA:20,1
DA:22,1
LF:9
LH:7
BRF:0
BRH:0
end_of_record
